
/home/runner/work/exp-student-performance-comp-au/exp-student-performance-comp-au/experiment/simulation/js/index-DHAK7jrV.js
    1:1306   warning  'global' is not defined                                                    no-undef
    9:1597   warning  Do not access Object.prototype method 'hasOwnProperty' from target object  no-prototype-builtins
    9:4752   warning  Do not access Object.prototype method 'hasOwnProperty' from target object  no-prototype-builtins
   17:411    warning  Do not access Object.prototype method 'hasOwnProperty' from target object  no-prototype-builtins
   25:965    warning  'setImmediate' is not defined                                              no-undef
   33:630    warning  Unexpected combined character in character class                           no-misleading-character-class
   33:3023   warning  Unnecessary escape character: \-                                           no-useless-escape
   33:4891   warning  Do not access Object.prototype method 'hasOwnProperty' from target object  no-prototype-builtins
   37:202    warning  Expected a conditional expression and instead saw an assignment            no-cond-assign
   37:1200   warning  Empty block statement                                                      no-empty
   37:2372   warning  Do not access Object.prototype method 'hasOwnProperty' from target object  no-prototype-builtins
   37:3850   warning  Do not access Object.prototype method 'hasOwnProperty' from target object  no-prototype-builtins
   37:3891   warning  Do not access Object.prototype method 'hasOwnProperty' from target object  no-prototype-builtins
   37:4058   warning  Do not access Object.prototype method 'hasOwnProperty' from target object  no-prototype-builtins
   37:4085   warning  Do not access Object.prototype method 'hasOwnProperty' from target object  no-prototype-builtins
   37:4676   warning  Do not access Object.prototype method 'hasOwnProperty' from target object  no-prototype-builtins
   37:6012   warning  'MSApp' is not defined                                                     no-undef
   37:6060   warning  'MSApp' is not defined                                                     no-undef
   37:7440   warning  Do not access Object.prototype method 'hasOwnProperty' from target object  no-prototype-builtins
   37:7533   warning  Do not access Object.prototype method 'hasOwnProperty' from target object  no-prototype-builtins
   37:8615   warning  Expected a conditional expression and instead saw an assignment            no-cond-assign
   37:9635   warning  Expected to return a value in method 'get'                                 getter-return
   37:9768   warning  'm' is defined but never used                                              no-unused-vars
   37:9770   warning  'w' is defined but never used                                              no-unused-vars
   37:9772   warning  'E' is defined but never used                                              no-unused-vars
   37:9774   warning  'M' is defined but never used                                              no-unused-vars
   37:9776   warning  'B' is defined but never used                                              no-unused-vars
   37:9778   warning  'H' is defined but never used                                              no-unused-vars
   37:9955   warning  'a' is defined but never used                                              no-unused-vars
   37:9957   warning  'l' is defined but never used                                              no-unused-vars
   37:9959   warning  'd' is defined but never used                                              no-unused-vars
   37:9961   warning  'm' is defined but never used                                              no-unused-vars
   37:9963   warning  'w' is defined but never used                                              no-unused-vars
   37:9965   warning  'E' is defined but never used                                              no-unused-vars
   37:9967   warning  'M' is defined but never used                                              no-unused-vars
   37:9969   warning  'B' is defined but never used                                              no-unused-vars
   37:9971   warning  'H' is defined but never used                                              no-unused-vars
   37:10023  warning  'a' is defined but never used                                              no-unused-vars
   37:10025  warning  'l' is defined but never used                                              no-unused-vars
   37:10027  warning  'd' is defined but never used                                              no-unused-vars
   37:10029  warning  'm' is defined but never used                                              no-unused-vars
   37:10031  warning  'w' is defined but never used                                              no-unused-vars
   37:10033  warning  'E' is defined but never used                                              no-unused-vars
   37:10035  warning  'M' is defined but never used                                              no-unused-vars
   37:10037  warning  'B' is defined but never used                                              no-unused-vars
   37:10039  warning  'H' is defined but never used                                              no-unused-vars
   37:11869  warning  Empty block statement                                                      no-empty
   37:19780  warning  Do not access Object.prototype method 'hasOwnProperty' from target object  no-prototype-builtins
   37:20122  warning  Invalid typeof comparison value                                            valid-typeof
   37:20296  warning  Invalid typeof comparison value                                            valid-typeof
   37:22161  warning  Expected a conditional expression and instead saw an assignment            no-cond-assign
   37:27694  warning  Expected a conditional expression and instead saw an assignment            no-cond-assign
   37:29158  warning  Do not access Object.prototype method 'hasOwnProperty' from target object  no-prototype-builtins
   37:33264  warning  Expected a 'break' statement before 'case'                                 no-fallthrough
   37:33457  warning  Expected a 'break' statement before 'case'                                 no-fallthrough
   37:34624  warning  Expected a conditional expression and instead saw an assignment            no-cond-assign
   37:36201  warning  Expected a 'break' statement before 'case'                                 no-fallthrough
   37:37677  warning  Unexpected control character(s) in regular expression: \x00                no-control-regex
   38:1506   warning  Expected a conditional expression and instead saw an assignment            no-cond-assign
   38:1606   warning  Expected a conditional expression and instead saw an assignment            no-cond-assign
   38:15014  warning  Expected a 'break' statement before 'case'                                 no-fallthrough
   38:15502  warning  Unexpected constant condition                                              no-constant-condition
   38:16101  warning  Expected a conditional expression and instead saw an assignment            no-cond-assign
   38:22712  warning  Empty block statement                                                      no-empty
   38:22721  warning  Empty block statement                                                      no-empty
   38:26107  warning  Expected a conditional expression and instead saw an assignment            no-cond-assign
   38:26970  warning  Expected a conditional expression and instead saw an assignment            no-cond-assign
   40:4006   warning  Expected a conditional expression and instead saw an assignment            no-cond-assign
   40:5150   warning  Expected a conditional expression and instead saw an assignment            no-cond-assign
   40:13010  warning  Do not access Object.prototype method 'hasOwnProperty' from target object  no-prototype-builtins
   40:13032  warning  Do not access Object.prototype method 'hasOwnProperty' from target object  no-prototype-builtins
   40:13106  warning  Do not access Object.prototype method 'hasOwnProperty' from target object  no-prototype-builtins
   40:13292  warning  Do not access Object.prototype method 'hasOwnProperty' from target object  no-prototype-builtins
   40:13399  warning  Do not access Object.prototype method 'hasOwnProperty' from target object  no-prototype-builtins
   40:13481  warning  Do not access Object.prototype method 'hasOwnProperty' from target object  no-prototype-builtins
   40:13505  warning  Do not access Object.prototype method 'hasOwnProperty' from target object  no-prototype-builtins
   40:13557  warning  Do not access Object.prototype method 'hasOwnProperty' from target object  no-prototype-builtins
   40:13918  warning  Do not access Object.prototype method 'hasOwnProperty' from target object  no-prototype-builtins
   40:16123  warning  Do not access Object.prototype method 'hasOwnProperty' from target object  no-prototype-builtins
   40:16401  warning  Do not access Object.prototype method 'hasOwnProperty' from target object  no-prototype-builtins
   40:16848  warning  Unnecessary escape character: \/                                           no-useless-escape
   40:17729  warning  Do not access Object.prototype method 'hasOwnProperty' from target object  no-prototype-builtins
   40:18037  warning  Do not access Object.prototype method 'hasOwnProperty' from target object  no-prototype-builtins
   40:26173  warning  Empty block statement                                                      no-empty
   40:26208  warning  Expected a 'break' statement before 'case'                                 no-fallthrough
   40:30389  warning  Do not access Object.prototype method 'hasOwnProperty' from target object  no-prototype-builtins
   40:31403  warning  'l' is defined but never used                                              no-unused-vars
   40:31405  warning  'd' is defined but never used                                              no-unused-vars
   40:31433  warning  'l' is defined but never used                                              no-unused-vars
   40:31435  warning  'd' is defined but never used                                              no-unused-vars
   40:35234  warning  Unexpected constant condition                                              no-constant-condition
   40:39835  warning  Unexpected constant condition                                              no-constant-condition
   40:40133  warning  Unexpected constant condition                                              no-constant-condition
   40:43283  warning  Empty block statement                                                      no-empty
   40:53721  warning  Expected a conditional expression and instead saw an assignment            no-cond-assign
   40:55132  warning  'Nr' is a function                                                         no-func-assign
   40:55138  warning  'He' is a function                                                         no-func-assign
   40:56055  warning  '__REACT_DEVTOOLS_GLOBAL_HOOK__' is not defined                            no-undef
   40:56154  warning  Empty block statement                                                      no-empty
   40:58246  warning  '__REACT_DEVTOOLS_GLOBAL_HOOK__' is not defined                            no-undef
   40:58303  warning  '__REACT_DEVTOOLS_GLOBAL_HOOK__' is not defined                            no-undef
   48:1334   warning  't' is defined but never used                                              no-unused-vars
   48:6548   warning  't' is defined but never used                                              no-unused-vars
   48:8323   warning  'r' is defined but never used                                              no-unused-vars
   48:18224  warning  'n' is assigned a value but never used                                     no-unused-vars
   48:18247  warning  'i' is assigned a value but never used                                     no-unused-vars
   48:18271  warning  'o' is assigned a value but never used                                     no-unused-vars
   67:12211  warning  'qoe' is assigned a value but never used                                   no-unused-vars
   67:12228  warning  'Woe' is assigned a value but never used                                   no-unused-vars
   67:15011  warning  'Uoe' is assigned a value but never used                                   no-unused-vars
   67:15028  warning  'Hoe' is assigned a value but never used                                   no-unused-vars
   67:16059  warning  'ap' is a function                                                         no-func-assign
   67:17383  warning  Empty block statement                                                      no-empty
   67:17887  warning  Expected a conditional expression and instead saw an assignment            no-cond-assign
   67:19900  warning  Expected a 'break' statement before 'case'                                 no-fallthrough
   67:20136  warning  Expected a 'break' statement before 'case'                                 no-fallthrough
   67:20192  warning  Expected a 'break' statement before 'case'                                 no-fallthrough
   67:20321  warning  Expected a 'break' statement before 'default'                              no-fallthrough
   67:20643  warning  Expected a 'break' statement before 'default'                              no-fallthrough
   67:21429  warning  Expected a 'break' statement before 'case'                                 no-fallthrough
   67:22222  warning  Expected a 'break' statement before 'default'                              no-fallthrough
   67:22248  warning  Expected a conditional expression and instead saw an assignment            no-cond-assign
   67:24316  warning  Expected a 'break' statement before 'case'                                 no-fallthrough
   67:24526  warning  Expected a 'break' statement before 'case'                                 no-fallthrough
   74:3233   warning  Empty block statement                                                      no-empty
   74:4026   warning  Expected a 'break' statement before 'case'                                 no-fallthrough
   74:4063   warning  Expected a 'break' statement before 'case'                                 no-fallthrough
   88:7264   warning  'n' is defined but never used                                              no-unused-vars
   88:17841  warning  'i' is assigned a value but never used                                     no-unused-vars
   88:19678  warning  'e' is defined but never used                                              no-unused-vars
   88:19680  warning  't' is defined but never used                                              no-unused-vars
   88:21669  warning  't' is defined but never used                                              no-unused-vars
   88:22736  warning  'r' is defined but never used                                              no-unused-vars
   88:22974  warning  'r' is defined but never used                                              no-unused-vars
   88:23303  warning  'r' is defined but never used                                              no-unused-vars
   88:23410  warning  'r' is defined but never used                                              no-unused-vars
   88:23818  warning  'r' is defined but never used                                              no-unused-vars
   88:23826  warning  'n' is assigned a value but never used                                     no-unused-vars
   88:24724  warning  Empty block statement                                                      no-empty
   88:28737  warning  's' is assigned a value but never used                                     no-unused-vars
   88:31768  warning  'g' is assigned a value but never used                                     no-unused-vars
   88:33040  warning  Do not access Object.prototype method 'hasOwnProperty' from target object  no-prototype-builtins
   88:34280  warning  Do not access Object.prototype method 'hasOwnProperty' from target object  no-prototype-builtins
   88:38111  warning  'f' is assigned a value but never used                                     no-unused-vars
   95:65     warning  'r' is assigned a value but never used                                     no-unused-vars
   95:87     warning  'i' is assigned a value but never used                                     no-unused-vars
   95:141    warning  'c' is assigned a value but never used                                     no-unused-vars
   95:2598   warning  Empty block statement                                                      no-empty
   95:15875  warning  'Wx' is a function                                                         no-func-assign
  168:3309   warning  'b' is assigned a value but never used                                     no-unused-vars
  168:5501   warning  Do not access Object.prototype method 'hasOwnProperty' from target object  no-prototype-builtins
  195:14249  warning  Do not access Object.prototype method 'hasOwnProperty' from target object  no-prototype-builtins
  195:18401  warning  Do not access Object.prototype method 'hasOwnProperty' from target object  no-prototype-builtins
  195:18425  warning  Do not access Object.prototype method 'hasOwnProperty' from target object  no-prototype-builtins
  195:18619  warning  'A' is assigned to itself                                                  no-self-assign
  195:33874  warning  'g' is assigned a value but never used                                     no-unused-vars
  195:37361  warning  'W' is defined but never used                                              no-unused-vars
  195:55130  warning  'V' is defined but never used                                              no-unused-vars
  195:72185  warning  'S' is assigned a value but never used                                     no-unused-vars
  195:72196  warning  'A' is assigned a value but never used                                     no-unused-vars
  195:72216  warning  'k' is assigned a value but never used                                     no-unused-vars
  195:72325  warning  'W' is assigned a value but never used                                     no-unused-vars
  195:72350  warning  'X' is assigned a value but never used                                     no-unused-vars
  195:80650  warning  's' is assigned a value but never used                                     no-unused-vars
  196:10093  warning  Empty block statement                                                      no-empty
  196:11891  warning  Empty block statement                                                      no-empty
  196:11914  warning  Empty block statement                                                      no-empty
  204:3778   warning  't1' is a function                                                         no-func-assign
  204:14959  warning  'n1' is a function                                                         no-func-assign
  204:16036  warning  'o1' is a function                                                         no-func-assign
  204:16826  warning  't' is defined but never used                                              no-unused-vars
  204:16828  warning  'r' is defined but never used                                              no-unused-vars
  204:21435  warning  Expected a 'break' statement before 'default'                              no-fallthrough
  204:21827  warning  Expected a conditional expression and instead saw an assignment            no-cond-assign
  204:22684  warning  Expected a conditional expression and instead saw an assignment            no-cond-assign
  204:24266  warning  Expected a 'break' statement before 'default'                              no-fallthrough
  204:26671  warning  Expected a 'break' statement before 'case'                                 no-fallthrough
  204:27080  warning  Expected a 'break' statement before 'default'                              no-fallthrough
  204:28777  warning  Expected a 'break' statement before 'default'                              no-fallthrough
  204:32530  warning  Expected a 'break' statement before 'default'                              no-fallthrough
  204:34438  warning  'tc' is a function                                                         no-func-assign
  204:34704  warning  'c1' is a function                                                         no-func-assign
  204:37430  warning  'Hs' is a function                                                         no-func-assign
  204:37662  warning  'f1' is a function                                                         no-func-assign
  204:38728  warning  'r' is defined but never used                                              no-unused-vars
  204:39324  warning  Empty block statement                                                      no-empty
  204:39333  warning  'fN' is a function                                                         no-func-assign
  204:39383  warning  'wp' is a function                                                         no-func-assign
  204:39806  warning  'd1' is a function                                                         no-func-assign
  207:5030   warning  Expected a 'break' statement before 'case'                                 no-fallthrough
  207:5228   warning  Expected a 'break' statement before 'case'                                 no-fallthrough
  207:8591   warning  Empty block statement                                                      no-empty
  207:16033  warning  Unexpected comma in middle of array                                        no-sparse-arrays
  207:16804  warning  'Vs' is a function                                                         no-func-assign
  207:18493  warning  Empty block statement                                                      no-empty
  207:18502  warning  'TN' is a function                                                         no-func-assign
  207:18552  warning  'Sp' is a function                                                         no-func-assign
  207:18975  warning  'p1' is a function                                                         no-func-assign
  207:24867  warning  'y' is defined but never used                                              no-unused-vars
  207:24869  warning  'P' is defined but never used                                              no-unused-vars
  207:25775  warning  Empty block statement                                                      no-empty
  207:26946  warning  'nc' is a function                                                         no-func-assign
  207:27178  warning  'h1' is a function                                                         no-func-assign
  208:803    warning  Unsafe usage of ReturnStatement                                            no-unsafe-finally
  208:823    warning  Unsafe usage of ThrowStatement                                             no-unsafe-finally
  208:3621   warning  'ic' is a function                                                         no-func-assign
  208:5870   warning  'Ks' is a function                                                         no-func-assign
  208:6937   warning  'r' is defined but never used                                              no-unused-vars
  208:7533   warning  Empty block statement                                                      no-empty
  208:7542   warning  '$N' is a function                                                         no-func-assign
  208:7592   warning  'Op' is a function                                                         no-func-assign
  208:8015   warning  'm1' is a function                                                         no-func-assign
  208:11080  warning  'Gs' is a function                                                         no-func-assign
  208:12147  warning  'r' is defined but never used                                              no-unused-vars
  208:12743  warning  Empty block statement                                                      no-empty
  208:12752  warning  'IN' is a function                                                         no-func-assign
  208:12802  warning  '_p' is a function                                                         no-func-assign
  208:13225  warning  'g1' is a function                                                         no-func-assign
  208:17327  warning  'oc' is a function                                                         no-func-assign
  209:803    warning  Unsafe usage of ReturnStatement                                            no-unsafe-finally
  209:823    warning  Unsafe usage of ThrowStatement                                             no-unsafe-finally
  213:510    warning  't' is defined but never used                                              no-unused-vars
  213:596    warning  'ac' is a function                                                         no-func-assign
  213:2926   warning  'sc' is a function                                                         no-func-assign
  214:838    warning  Unsafe usage of ReturnStatement                                            no-unsafe-finally
  214:858    warning  Unsafe usage of ThrowStatement                                             no-unsafe-finally
  214:3982   warning  'b1' is a function                                                         no-func-assign
  215:838    warning  Unsafe usage of ReturnStatement                                            no-unsafe-finally
  215:858    warning  Unsafe usage of ThrowStatement                                             no-unsafe-finally
  215:4441   warning  't' is defined but never used                                              no-unused-vars
  215:6337   warning  't' is defined but never used                                              no-unused-vars
  215:6426   warning  't' is defined but never used                                              no-unused-vars
  215:7142   warning  'r' is defined but never used                                              no-unused-vars
  215:13647  warning  Expected a conditional expression and instead saw an assignment            no-cond-assign
  215:13908  warning  Expected a conditional expression and instead saw an assignment            no-cond-assign
  215:13948  warning  Expected a conditional expression and instead saw an assignment            no-cond-assign
  215:14012  warning  Expected a conditional expression and instead saw an assignment            no-cond-assign
  215:14051  warning  Expected a conditional expression and instead saw an assignment            no-cond-assign
  215:14114  warning  Expected a conditional expression and instead saw an assignment            no-cond-assign
  215:14158  warning  Expected a conditional expression and instead saw an assignment            no-cond-assign
  215:14207  warning  Do not access Object.prototype method 'hasOwnProperty' from target object  no-prototype-builtins
  215:19230  warning  Expected a conditional expression and instead saw an assignment            no-cond-assign
  215:19811  warning  Expected a conditional expression and instead saw an assignment            no-cond-assign
  215:64277  warning  Expected a conditional expression and instead saw an assignment            no-cond-assign
  215:64933  warning  Do not access Object.prototype method 'hasOwnProperty' from target object  no-prototype-builtins
  215:65386  warning  'VS' is already defined                                                    no-redeclare
  218:771    warning  Unsafe usage of ThrowStatement                                             no-unsafe-finally
  218:2987   warning  'e' is defined but never used                                              no-unused-vars
  218:2989   warning  't' is defined but never used                                              no-unused-vars
  218:3149   warning  'Js' is a function                                                         no-func-assign
  218:3381   warning  'Dp' is a function                                                         no-func-assign
  219:803    warning  Unsafe usage of ReturnStatement                                            no-unsafe-finally
  219:823    warning  Unsafe usage of ThrowStatement                                             no-unsafe-finally
  219:1568   warning  'r' is defined but never used                                              no-unused-vars
  219:2164   warning  Empty block statement                                                      no-empty
  219:2173   warning  'LI' is a function                                                         no-func-assign
  219:2223   warning  'Lp' is a function                                                         no-func-assign
  219:2646   warning  'R1' is a function                                                         no-func-assign
  219:4531   warning  'mc' is a function                                                         no-func-assign
  219:6569   warning  'vc' is a function                                                         no-func-assign
  220:13670  warning  'gc' is a function                                                         no-func-assign
  221:803    warning  Unsafe usage of ReturnStatement                                            no-unsafe-finally
  221:823    warning  Unsafe usage of ThrowStatement                                             no-unsafe-finally
  221:2942   warning  'yc' is a function                                                         no-func-assign
  222:2077   warning  'bc' is a function                                                         no-func-assign
  224:4694   warning  'xc' is a function                                                         no-func-assign
  225:664    warning  'Fp' is a function                                                         no-func-assign
  225:3520   warning  'wc' is a function                                                         no-func-assign
  225:3752   warning  'D1' is a function                                                         no-func-assign
  242:887    warning  'Sc' is a function                                                         no-func-assign
  242:1119   warning  'L1' is a function                                                         no-func-assign
  242:9391   warning  'z1' is a function                                                         no-func-assign
  243:1111   warning  'Oc' is a function                                                         no-func-assign
  244:400    warning  Unsafe usage of ReturnStatement                                            no-unsafe-finally
  244:420    warning  Unsafe usage of ThrowStatement                                             no-unsafe-finally
  245:2479   warning  '_c' is a function                                                         no-func-assign
  247:803    warning  Unsafe usage of ReturnStatement                                            no-unsafe-finally
  247:823    warning  Unsafe usage of ThrowStatement                                             no-unsafe-finally
  247:2183   warning  'el' is a function                                                         no-func-assign
  248:1628   warning  'r' is defined but never used                                              no-unused-vars
  248:2341   warning  'H1' is a function                                                         no-func-assign
  248:3174   warning  'Hp' is a function                                                         no-func-assign
  248:7815   warning  'Pc' is a function                                                         no-func-assign
  248:8047   warning  'Vp' is a function                                                         no-func-assign
  249:803    warning  Unsafe usage of ReturnStatement                                            no-unsafe-finally
  249:823    warning  Unsafe usage of ThrowStatement                                             no-unsafe-finally
  259:786    warning  Empty block statement                                                      no-empty
  259:1656   warning  'Ps' is a function                                                         no-func-assign
  260:1996   warning  'X1' is a function                                                         no-func-assign
  260:2446   warning  'Ac' is a function                                                         no-func-assign
  260:2738   warning  'Y1' is a function                                                         no-func-assign
  260:5386   warning  'tl' is a function                                                         no-func-assign
  260:5618   warning  'qu' is a function                                                         no-func-assign
  260:7700   warning  Empty block statement                                                      no-empty
  260:7709   warning  'c5' is a function                                                         no-func-assign
  260:7759   warning  'Kp' is a function                                                         no-func-assign
  260:8183   warning  'Q1' is a function                                                         no-func-assign
  260:11274  warning  'rl' is a function                                                         no-func-assign
  260:11506  warning  'ga' is a function                                                         no-func-assign
  260:13186  warning  Empty block statement                                                      no-empty
  260:13195  warning  'd5' is a function                                                         no-func-assign
  260:13245  warning  'Gp' is a function                                                         no-func-assign
  260:13669  warning  'Z1' is a function                                                         no-func-assign
  260:17342  warning  'Ec' is a function                                                         no-func-assign
  260:17574  warning  'Xp' is a function                                                         no-func-assign
  261:805    warning  Unsafe usage of ReturnStatement                                            no-unsafe-finally
  261:825    warning  Unsafe usage of ThrowStatement                                             no-unsafe-finally
  261:2486   warning  Empty block statement                                                      no-empty
  261:3472   warning  'Tc' is a function                                                         no-func-assign
  261:5160   warning  't' is defined but never used                                              no-unused-vars
  261:7340   warning  'nl' is a function                                                         no-func-assign
  261:7572   warning  'As' is a function                                                         no-func-assign
  261:9252   warning  Empty block statement                                                      no-empty
  261:9261   warning  'h5' is a function                                                         no-func-assign
  261:9311   warning  'Zp' is a function                                                         no-func-assign
  261:9735   warning  'J1' is a function                                                         no-func-assign
  263:1528   warning  'kc' is a function                                                         no-func-assign
  263:3001   warning  'il' is a function                                                         no-func-assign
  263:3233   warning  'eh' is a function                                                         no-func-assign
  263:4913   warning  Empty block statement                                                      no-empty
  263:4922   warning  'y5' is a function                                                         no-func-assign
  263:4972   warning  'th' is a function                                                         no-func-assign
  263:5396   warning  'ew' is a function                                                         no-func-assign
  263:16269  warning  'jc' is a function                                                         no-func-assign
  263:16501  warning  'tw' is a function                                                         no-func-assign
  263:18844  warning  'al' is a function                                                         no-func-assign
  263:19479  warning  'rh' is a function                                                         no-func-assign
  263:21159  warning  Empty block statement                                                      no-empty
  263:21168  warning  'S5' is a function                                                         no-func-assign
  263:21218  warning  'nh' is a function                                                         no-func-assign
  263:21642  warning  'rw' is a function                                                         no-func-assign
  263:28167  warning  'Rc' is a function                                                         no-func-assign
  263:35278  warning  'sl' is a function                                                         no-func-assign
  263:35774  warning  'r' is defined but never used                                              no-unused-vars
  263:36376  warning  Empty block statement                                                      no-empty
  263:36385  warning  '$5' is a function                                                         no-func-assign
  263:36435  warning  'ih' is a function                                                         no-func-assign
  263:36859  warning  'nw' is a function                                                         no-func-assign
  264:805    warning  Unsafe usage of ReturnStatement                                            no-unsafe-finally
  264:825    warning  Unsafe usage of ThrowStatement                                             no-unsafe-finally
  264:910    warning  'iw' is a function                                                         no-func-assign
  264:2911   warning  'ow' is a function                                                         no-func-assign
  264:3169   warning  'll' is a function                                                         no-func-assign
  264:4239   warning  'r' is defined but never used                                              no-unused-vars
  264:4841   warning  Empty block statement                                                      no-empty
  264:4850   warning  'I5' is a function                                                         no-func-assign
  264:4900   warning  'oh' is a function                                                         no-func-assign
  264:5324   warning  'aw' is a function                                                         no-func-assign
  264:7098   warning  'sw' is a function                                                         no-func-assign
  264:7356   warning  'ul' is a function                                                         no-func-assign
  264:8426   warning  'r' is defined but never used                                              no-unused-vars
  264:9028   warning  Empty block statement                                                      no-empty
  264:9037   warning  'L5' is a function                                                         no-func-assign
  264:9087   warning  'ah' is a function                                                         no-func-assign
  264:9511   warning  'lw' is a function                                                         no-func-assign
  264:12356  warning  'Mc' is a function                                                         no-func-assign
  264:15584  warning  'cl' is a function                                                         no-func-assign
  264:15816  warning  'Es' is a function                                                         no-func-assign
  264:17898  warning  Empty block statement                                                      no-empty
  264:17907  warning  'F5' is a function                                                         no-func-assign
  264:17957  warning  'lh' is a function                                                         no-func-assign
  264:18381  warning  'uw' is a function                                                         no-func-assign
  264:22981  warning  '$a' is a function                                                         no-func-assign
  264:24232  warning  'Sa' is a function                                                         no-func-assign
  264:29633  warning  'fl' is a function                                                         no-func-assign
  264:30129  warning  'r' is defined but never used                                              no-unused-vars
  264:30731  warning  Empty block statement                                                      no-empty
  264:30740  warning  'U5' is a function                                                         no-func-assign
  264:30790  warning  'uh' is a function                                                         no-func-assign
  264:31214  warning  'cw' is a function                                                         no-func-assign
  264:32067  warning  'Wu' is a function                                                         no-func-assign
  264:32980  warning  'dl' is a function                                                         no-func-assign
  264:33212  warning  'Uu' is a function                                                         no-func-assign
  264:34892  warning  Empty block statement                                                      no-empty
  264:34901  warning  'K5' is a function                                                         no-func-assign
  264:34951  warning  'ch' is a function                                                         no-func-assign
  264:35375  warning  'fw' is a function                                                         no-func-assign
  264:41324  warning  'pl' is a function                                                         no-func-assign
  264:41820  warning  'r' is defined but never used                                              no-unused-vars
  264:42422  warning  Empty block statement                                                      no-empty
  264:42431  warning  'X5' is a function                                                         no-func-assign
  264:42481  warning  'fh' is a function                                                         no-func-assign
  264:42905  warning  'dw' is a function                                                         no-func-assign
  264:43446  warning  'pw' is a function                                                         no-func-assign
  264:44415  warning  'hl' is a function                                                         no-func-assign
  264:44911  warning  'r' is defined but never used                                              no-unused-vars
  264:45513  warning  Empty block statement                                                      no-empty
  264:45522  warning  'Z5' is a function                                                         no-func-assign
  264:45572  warning  'dh' is a function                                                         no-func-assign
  264:45996  warning  'hw' is a function                                                         no-func-assign
  264:46537  warning  'mw' is a function                                                         no-func-assign
  265:4226   warning  '$c' is a function                                                         no-func-assign
  265:4722   warning  'r' is defined but never used                                              no-unused-vars
  265:7711   warning  'Nc' is a function                                                         no-func-assign
  265:9938   warning  'ml' is a function                                                         no-func-assign
  265:10170  warning  'Ts' is a function                                                         no-func-assign
  266:401    warning  Unsafe usage of ReturnStatement                                            no-unsafe-finally
  266:421    warning  Unsafe usage of ThrowStatement                                             no-unsafe-finally
  266:1172   warning  'r' is defined but never used                                              no-unused-vars
  266:1774   warning  Empty block statement                                                      no-empty
  266:1783   warning  'nD' is a function                                                         no-func-assign
  266:1833   warning  'ph' is a function                                                         no-func-assign
  266:2257   warning  'yw' is a function                                                         no-func-assign
  267:44398  warning  'e' is defined but never used                                              no-unused-vars
  270:2554   warning  'i' is assigned a value but never used                                     no-unused-vars

/home/runner/work/exp-student-performance-comp-au/exp-student-performance-comp-au/experiment/simulation/js/index-DgmbR3vd.js
     63:7   warning  'global' is not defined                                                    no-undef
    156:29  warning  Do not access Object.prototype method 'hasOwnProperty' from target object  no-prototype-builtins
    372:16  warning  Do not access Object.prototype method 'hasOwnProperty' from target object  no-prototype-builtins
    512:37  warning  Do not access Object.prototype method 'hasOwnProperty' from target object  no-prototype-builtins
    617:43  warning  'setImmediate' is not defined                                              no-undef
    888:7   warning  Unexpected combined character in character class                           no-misleading-character-class
    987:13  warning  Unnecessary escape character: \-                                           no-useless-escape
   1023:15  warning  Do not access Object.prototype method 'hasOwnProperty' from target object  no-prototype-builtins
   1158:13  warning  Expected a conditional expression and instead saw an assignment            no-cond-assign
   1223:19  warning  Empty block statement                                                      no-empty
   1307:10  warning  Do not access Object.prototype method 'hasOwnProperty' from target object  no-prototype-builtins
   1402:7   warning  Do not access Object.prototype method 'hasOwnProperty' from target object  no-prototype-builtins
   1404:11  warning  Do not access Object.prototype method 'hasOwnProperty' from target object  no-prototype-builtins
   1410:11  warning  Do not access Object.prototype method 'hasOwnProperty' from target object  no-prototype-builtins
   1410:40  warning  Do not access Object.prototype method 'hasOwnProperty' from target object  no-prototype-builtins
   1440:16  warning  Do not access Object.prototype method 'hasOwnProperty' from target object  no-prototype-builtins
   1512:36  warning  'MSApp' is not defined                                                     no-undef
   1514:13  warning  'MSApp' is not defined                                                     no-undef
   1598:53  warning  Do not access Object.prototype method 'hasOwnProperty' from target object  no-prototype-builtins
   1605:13  warning  Do not access Object.prototype method 'hasOwnProperty' from target object  no-prototype-builtins
   1744:9   warning  Expected to return a value in method 'get'                                 getter-return
   1753:24  warning  'v' is defined but never used                                              no-unused-vars
   1753:27  warning  'w' is defined but never used                                              no-unused-vars
   1753:30  warning  '_' is defined but never used                                              no-unused-vars
   1753:33  warning  'R' is defined but never used                                              no-unused-vars
   1753:36  warning  'F' is defined but never used                                              no-unused-vars
   1753:39  warning  'H' is defined but never used                                              no-unused-vars
   1770:15  warning  'a' is defined but never used                                              no-unused-vars
   1770:18  warning  'l' is defined but never used                                              no-unused-vars
   1770:21  warning  'd' is defined but never used                                              no-unused-vars
   1770:24  warning  'v' is defined but never used                                              no-unused-vars
   1770:27  warning  'w' is defined but never used                                              no-unused-vars
   1770:30  warning  '_' is defined but never used                                              no-unused-vars
   1770:33  warning  'R' is defined but never used                                              no-unused-vars
   1770:36  warning  'F' is defined but never used                                              no-unused-vars
   1770:39  warning  'H' is defined but never used                                              no-unused-vars
   1773:15  warning  'a' is defined but never used                                              no-unused-vars
   1773:18  warning  'l' is defined but never used                                              no-unused-vars
   1773:21  warning  'd' is defined but never used                                              no-unused-vars
   1773:24  warning  'v' is defined but never used                                              no-unused-vars
   1773:27  warning  'w' is defined but never used                                              no-unused-vars
   1773:30  warning  '_' is defined but never used                                              no-unused-vars
   1773:33  warning  'R' is defined but never used                                              no-unused-vars
   1773:36  warning  'F' is defined but never used                                              no-unused-vars
   1773:39  warning  'H' is defined but never used                                              no-unused-vars
   1894:15  warning  Empty block statement                                                      no-empty
   2429:11  warning  Do not access Object.prototype method 'hasOwnProperty' from target object  no-prototype-builtins
   2448:41  warning  Invalid typeof comparison value                                            valid-typeof
   2456:42  warning  Invalid typeof comparison value                                            valid-typeof
   2593:10  warning  Expected a conditional expression and instead saw an assignment            no-cond-assign
   3024:24  warning  Do not access Object.prototype method 'hasOwnProperty' from target object  no-prototype-builtins
   3213:13  warning  Expected a 'break' statement before 'case'                                 no-fallthrough
   3229:13  warning  Expected a 'break' statement before 'case'                                 no-fallthrough
   3323:20  warning  Expected a conditional expression and instead saw an assignment            no-cond-assign
   3424:11  warning  Expected a 'break' statement before 'case'                                 no-fallthrough
   3516:10  warning  Unexpected control character(s) in regular expression: \x00                no-control-regex
   4491:15  warning  Expected a 'break' statement before 'case'                                 no-fallthrough
   4528:16  warning  Unexpected constant condition                                              no-constant-condition
   4568:14  warning  Expected a conditional expression and instead saw an assignment            no-cond-assign
   5018:17  warning  Empty block statement                                                      no-empty
   5019:19  warning  Empty block statement                                                      no-empty
   5233:15  warning  Expected a conditional expression and instead saw an assignment            no-cond-assign
   5286:17  warning  Expected a conditional expression and instead saw an assignment            no-cond-assign
   5592:14  warning  Expected a conditional expression and instead saw an assignment            no-cond-assign
   5638:12  warning  Expected a conditional expression and instead saw an assignment            no-cond-assign
   6103:18  warning  Do not access Object.prototype method 'hasOwnProperty' from target object  no-prototype-builtins
   6103:42  warning  Do not access Object.prototype method 'hasOwnProperty' from target object  no-prototype-builtins
   6106:30  warning  Do not access Object.prototype method 'hasOwnProperty' from target object  no-prototype-builtins
   6113:20  warning  Do not access Object.prototype method 'hasOwnProperty' from target object  no-prototype-builtins
   6120:15  warning  Do not access Object.prototype method 'hasOwnProperty' from target object  no-prototype-builtins
   6125:22  warning  Do not access Object.prototype method 'hasOwnProperty' from target object  no-prototype-builtins
   6126:29  warning  Do not access Object.prototype method 'hasOwnProperty' from target object  no-prototype-builtins
   6129:21  warning  Do not access Object.prototype method 'hasOwnProperty' from target object  no-prototype-builtins
   6143:22  warning  Do not access Object.prototype method 'hasOwnProperty' from target object  no-prototype-builtins
   6281:21  warning  Do not access Object.prototype method 'hasOwnProperty' from target object  no-prototype-builtins
   6294:23  warning  Do not access Object.prototype method 'hasOwnProperty' from target object  no-prototype-builtins
   6379:23  warning  Do not access Object.prototype method 'hasOwnProperty' from target object  no-prototype-builtins
   6392:26  warning  Do not access Object.prototype method 'hasOwnProperty' from target object  no-prototype-builtins
   6926:15  warning  Empty block statement                                                      no-empty
   6930:7   warning  Expected a 'break' statement before 'case'                                 no-fallthrough
   7240:42  warning  Do not access Object.prototype method 'hasOwnProperty' from target object  no-prototype-builtins
   7321:18  warning  'l' is defined but never used                                              no-unused-vars
   7321:21  warning  'd' is defined but never used                                              no-unused-vars
   7324:18  warning  'l' is defined but never used                                              no-unused-vars
   7324:21  warning  'd' is defined but never used                                              no-unused-vars
   7640:14  warning  Unexpected constant condition                                              no-constant-condition
   7993:14  warning  Unexpected constant condition                                              no-constant-condition
   8017:12  warning  Unexpected constant condition                                              no-constant-condition
   8250:21  warning  Empty block statement                                                      no-empty
   9078:6   warning  'Ir' is a function                                                         no-func-assign
   9079:6   warning  'Ue' is a function                                                         no-func-assign
   9114:14  warning  '__REACT_DEVTOOLS_GLOBAL_HOOK__' is not defined                            no-undef
   9118:15  warning  Empty block statement                                                      no-empty
   9219:16  warning  '__REACT_DEVTOOLS_GLOBAL_HOOK__' is not defined                            no-undef
   9223:9   warning  '__REACT_DEVTOOLS_GLOBAL_HOOK__' is not defined                            no-undef
   9360:16  warning  't' is defined but never used                                              no-unused-vars
   9671:19  warning  't' is defined but never used                                              no-unused-vars
   9767:40  warning  'r' is defined but never used                                              no-unused-vars
  10197:25  warning  'n' is assigned a value but never used                                     no-unused-vars
  10198:28  warning  'i' is assigned a value but never used                                     no-unused-vars
  10199:29  warning  'o' is assigned a value but never used                                     no-unused-vars
  10994:23  warning  'e' is defined but never used                                              no-unused-vars
  11002:20  warning  'zoe' is assigned a value but never used                                   no-unused-vars
  11128:15  warning  'Foe' is assigned a value but never used                                   no-unused-vars
  11128:34  warning  'qoe' is assigned a value but never used                                   no-unused-vars
  11238:15  warning  'Woe' is assigned a value but never used                                   no-unused-vars
  11238:34  warning  'Uoe' is assigned a value but never used                                   no-unused-vars
  11312:6   warning  'ap' is a function                                                         no-func-assign
  11377:19  warning  Empty block statement                                                      no-empty
  11414:11  warning  Expected a conditional expression and instead saw an assignment            no-cond-assign
  11595:7   warning  Expected a 'break' statement before 'case'                                 no-fallthrough
  11621:7   warning  Expected a 'break' statement before 'case'                                 no-fallthrough
  11628:11  warning  Expected a 'break' statement before 'case'                                 no-fallthrough
  11641:11  warning  Expected a 'break' statement before 'default'                              no-fallthrough
  11673:7   warning  Expected a 'break' statement before 'default'                              no-fallthrough
  11721:5   warning  Expected a 'break' statement before 'case'                                 no-fallthrough
  11778:9   warning  Expected a 'break' statement before 'default'                              no-fallthrough
  11937:11  warning  Expected a 'break' statement before 'case'                                 no-fallthrough
  11957:5   warning  Expected a 'break' statement before 'case'                                 no-fallthrough
  12304:19  warning  Empty block statement                                                      no-empty
  12353:5   warning  Expected a 'break' statement before 'case'                                 no-fallthrough
  12355:5   warning  Expected a 'break' statement before 'case'                                 no-fallthrough
  13439:22  warning  'n' is defined but never used                                              no-unused-vars
  14024:25  warning  'i' is assigned a value but never used                                     no-unused-vars
  14151:13  warning  'e' is defined but never used                                              no-unused-vars
  14151:16  warning  't' is defined but never used                                              no-unused-vars
  14256:12  warning  't' is defined but never used                                              no-unused-vars
  14320:19  warning  'r' is defined but never used                                              no-unused-vars
  14333:19  warning  'r' is defined but never used                                              no-unused-vars
  14349:19  warning  'r' is defined but never used                                              no-unused-vars
  14359:19  warning  'r' is defined but never used                                              no-unused-vars
  14392:48  warning  'r' is defined but never used                                              no-unused-vars
  14392:58  warning  'n' is assigned a value but never used                                     no-unused-vars
  14458:11  warning  Empty block statement                                                      no-empty
  14709:19  warning  's' is assigned a value but never used                                     no-unused-vars
  14902:18  warning  'y' is assigned a value but never used                                     no-unused-vars
  14971:8   warning  Do not access Object.prototype method 'hasOwnProperty' from target object  no-prototype-builtins
  15033:10  warning  Do not access Object.prototype method 'hasOwnProperty' from target object  no-prototype-builtins
  15239:12  warning  'f' is assigned a value but never used                                     no-unused-vars
  15300:18  warning  'r' is assigned a value but never used                                     no-unused-vars
  15302:14  warning  'i' is assigned a value but never used                                     no-unused-vars
  15306:12  warning  'c' is assigned a value but never used                                     no-unused-vars
  15441:13  warning  Empty block statement                                                      no-empty
  16035:6   warning  'Ux' is a function                                                         no-func-assign
  17024:32  warning  'b' is assigned a value but never used                                     no-unused-vars
  17185:12  warning  Do not access Object.prototype method 'hasOwnProperty' from target object  no-prototype-builtins
  18099:36  warning  Do not access Object.prototype method 'hasOwnProperty' from target object  no-prototype-builtins
  18344:13  warning  Do not access Object.prototype method 'hasOwnProperty' from target object  no-prototype-builtins
  18345:11  warning  Do not access Object.prototype method 'hasOwnProperty' from target object  no-prototype-builtins
  18359:12  warning  'C' is assigned to itself                                                  no-self-assign
  19341:21  warning  'y' is assigned a value but never used                                     no-unused-vars
  20432:35  warning  'V' is defined but never used                                              no-unused-vars
  21453:15  warning  'S' is assigned a value but never used                                     no-unused-vars
  21454:19  warning  'C' is assigned a value but never used                                     no-unused-vars
  21455:28  warning  'k' is assigned a value but never used                                     no-unused-vars
  21463:19  warning  'W' is assigned a value but never used                                     no-unused-vars
  21465:16  warning  'X' is assigned a value but never used                                     no-unused-vars
  21956:18  warning  's' is assigned a value but never used                                     no-unused-vars
  22932:13  warning  Empty block statement                                                      no-empty
  23067:15  warning  Empty block statement                                                      no-empty
  23070:15  warning  Empty block statement                                                      no-empty
  23899:6   warning  't1' is a function                                                         no-func-assign
  24449:6   warning  'r1' is a function                                                         no-func-assign
  24707:6   warning  'i1' is a function                                                         no-func-assign
  24778:6   warning  'a1' is a function                                                         no-func-assign
  24823:18  warning  't' is defined but never used                                              no-unused-vars
  24823:21  warning  'r' is defined but never used                                              no-unused-vars
  25113:7   warning  Expected a 'break' statement before 'default'                              no-fallthrough
  25144:11  warning  Expected a conditional expression and instead saw an assignment            no-cond-assign
  25297:7   warning  Expected a 'break' statement before 'default'                              no-fallthrough
  25484:7   warning  Expected a 'break' statement before 'case'                                 no-fallthrough
  25507:7   warning  Expected a 'break' statement before 'default'                              no-fallthrough
  25630:7   warning  Expected a 'break' statement before 'default'                              no-fallthrough
  25873:7   warning  Expected a 'break' statement before 'default'                              no-fallthrough
  25999:6   warning  'rc' is a function                                                         no-func-assign
  26018:6   warning  'f1' is a function                                                         no-func-assign
  26187:6   warning  'Ws' is a function                                                         no-func-assign
  26205:6   warning  'd1' is a function                                                         no-func-assign
  26258:19  warning  'r' is defined but never used                                              no-unused-vars
  26294:11  warning  Empty block statement                                                      no-empty
  26295:11  warning  'fI' is a function                                                         no-func-assign
  26301:6   warning  'xp' is a function                                                         no-func-assign
  26320:6   warning  'p1' is a function                                                         no-func-assign
  26795:7   warning  Expected a 'break' statement before 'case'                                 no-fallthrough
  26808:7   warning  Expected a 'break' statement before 'case'                                 no-fallthrough
  27072:21  warning  Empty block statement                                                      no-empty
  27713:24  warning  Unexpected comma in middle of array                                        no-sparse-arrays
  27775:6   warning  'Us' is a function                                                         no-func-assign
  27869:11  warning  Empty block statement                                                      no-empty
  27870:11  warning  'CI' is a function                                                         no-func-assign
  27876:6   warning  'wp' is a function                                                         no-func-assign
  27895:6   warning  'h1' is a function                                                         no-func-assign
  28346:31  warning  'g' is defined but never used                                              no-unused-vars
  28346:34  warning  'P' is defined but never used                                              no-unused-vars
  28421:15  warning  Empty block statement                                                      no-empty
  28528:6   warning  'ic' is a function                                                         no-func-assign
  28546:6   warning  'v1' is a function                                                         no-func-assign
  28609:11  warning  Unsafe usage of ReturnStatement                                            no-unsafe-finally
  28611:16  warning  Unsafe usage of ThrowStatement                                             no-unsafe-finally
  28794:6   warning  'oc' is a function                                                         no-func-assign
  28941:6   warning  'Hs' is a function                                                         no-func-assign
  28997:19  warning  'r' is defined but never used                                              no-unused-vars
  29033:11  warning  Empty block statement                                                      no-empty
  29034:11  warning  'MI' is a function                                                         no-func-assign
  29040:6   warning  'Sp' is a function                                                         no-func-assign
  29059:6   warning  'm1' is a function                                                         no-func-assign
  29262:6   warning  'Vs' is a function                                                         no-func-assign
  29318:19  warning  'r' is defined but never used                                              no-unused-vars
  29354:11  warning  Empty block statement                                                      no-empty
  29355:11  warning  'NI' is a function                                                         no-func-assign
  29361:6   warning  'Op' is a function                                                         no-func-assign
  29380:6   warning  'g1' is a function                                                         no-func-assign
  29670:6   warning  'ac' is a function                                                         no-func-assign
  29791:11  warning  Unsafe usage of ReturnStatement                                            no-unsafe-finally
  29793:16  warning  Unsafe usage of ThrowStatement                                             no-unsafe-finally
  29950:18  warning  't' is defined but never used                                              no-unused-vars
  29957:6   warning  'sc' is a function                                                         no-func-assign
  30084:6   warning  'lc' is a function                                                         no-func-assign
  30153:11  warning  Unsafe usage of ReturnStatement                                            no-unsafe-finally
  30155:16  warning  Unsafe usage of ThrowStatement                                             no-unsafe-finally
  30359:6   warning  'x1' is a function                                                         no-func-assign
  30450:11  warning  Unsafe usage of ReturnStatement                                            no-unsafe-finally
  30452:16  warning  Unsafe usage of ThrowStatement                                             no-unsafe-finally
  30722:17  warning  't' is defined but never used                                              no-unused-vars
  30831:16  warning  't' is defined but never used                                              no-unused-vars
  30837:16  warning  't' is defined but never used                                              no-unused-vars
  30879:19  warning  'r' is defined but never used                                              no-unused-vars
  31261:6   warning  Expected a conditional expression and instead saw an assignment            no-cond-assign
  31288:10  warning  Expected a conditional expression and instead saw an assignment            no-cond-assign
  31290:10  warning  Expected a conditional expression and instead saw an assignment            no-cond-assign
  31292:10  warning  Expected a conditional expression and instead saw an assignment            no-cond-assign
  31294:10  warning  Expected a conditional expression and instead saw an assignment            no-cond-assign
  31296:10  warning  Expected a conditional expression and instead saw an assignment            no-cond-assign
  31298:10  warning  Expected a conditional expression and instead saw an assignment            no-cond-assign
  31300:12  warning  Do not access Object.prototype method 'hasOwnProperty' from target object  no-prototype-builtins
  31646:12  warning  Expected a conditional expression and instead saw an assignment            no-cond-assign
  31697:11  warning  Expected a conditional expression and instead saw an assignment            no-cond-assign
  34825:41  warning  Expected a conditional expression and instead saw an assignment            no-cond-assign
  34870:9   warning  Do not access Object.prototype method 'hasOwnProperty' from target object  no-prototype-builtins
  34901:5   warning  'XS' is already defined                                                    no-redeclare
  35117:16  warning  Unsafe usage of ThrowStatement                                             no-unsafe-finally
  35248:13  warning  'e' is defined but never used                                              no-unused-vars
  35248:16  warning  't' is defined but never used                                              no-unused-vars
  35264:6   warning  'Qs' is a function                                                         no-func-assign
  35282:6   warning  'Np' is a function                                                         no-func-assign
  35345:11  warning  Unsafe usage of ReturnStatement                                            no-unsafe-finally
  35347:16  warning  Unsafe usage of ThrowStatement                                             no-unsafe-finally
  35394:19  warning  'r' is defined but never used                                              no-unused-vars
  35430:11  warning  Empty block statement                                                      no-empty
  35431:11  warning  'BN' is a function                                                         no-func-assign
  35437:6   warning  'Dp' is a function                                                         no-func-assign
  35456:6   warning  '$1' is a function                                                         no-func-assign
  35597:6   warning  'mc' is a function                                                         no-func-assign
  35720:6   warning  'yc' is a function                                                         no-func-assign
  36545:6   warning  'gc' is a function                                                         no-func-assign
  36666:11  warning  Unsafe usage of ReturnStatement                                            no-unsafe-finally
  36668:16  warning  Unsafe usage of ThrowStatement                                             no-unsafe-finally
  36816:6   warning  'bc' is a function                                                         no-func-assign
  36950:6   warning  'xc' is a function                                                         no-func-assign
  37307:6   warning  'wc' is a function                                                         no-func-assign
  37362:6   warning  'Fp' is a function                                                         no-func-assign
  37519:6   warning  'Sc' is a function                                                         no-func-assign
  37537:6   warning  'L1' is a function                                                         no-func-assign
  37915:6   warning  'Oc' is a function                                                         no-func-assign
  37933:6   warning  'B1' is a function                                                         no-func-assign
  38459:6   warning  'z1' is a function                                                         no-func-assign
  38556:6   warning  '_c' is a function                                                         no-func-assign
  38686:11  warning  Unsafe usage of ReturnStatement                                            no-unsafe-finally
  38688:16  warning  Unsafe usage of ThrowStatement                                             no-unsafe-finally
  38864:6   warning  'Ac' is a function                                                         no-func-assign
  39002:11  warning  Unsafe usage of ReturnStatement                                            no-unsafe-finally
  39004:16  warning  Unsafe usage of ThrowStatement                                             no-unsafe-finally
  39111:6   warning  'Zs' is a function                                                         no-func-assign
  39256:19  warning  'r' is defined but never used                                              no-unused-vars
  39288:6   warning  'V1' is a function                                                         no-func-assign
  39340:6   warning  'Up' is a function                                                         no-func-assign
  39628:6   warning  'Ec' is a function                                                         no-func-assign
  39646:6   warning  'Hp' is a function                                                         no-func-assign
  39709:11  warning  Unsafe usage of ReturnStatement                                            no-unsafe-finally
  39711:16  warning  Unsafe usage of ThrowStatement                                             no-unsafe-finally
  39938:17  warning  Empty block statement                                                      no-empty
  40001:6   warning  'ws' is a function                                                         no-func-assign
  40166:6   warning  'Y1' is a function                                                         no-func-assign
  40195:6   warning  'Cc' is a function                                                         no-func-assign
  40214:6   warning  'Q1' is a function                                                         no-func-assign
  40376:6   warning  'Js' is a function                                                         no-func-assign
  40394:6   warning  'Wu' is a function                                                         no-func-assign
  40509:11  warning  Empty block statement                                                      no-empty
  40510:11  warning  'fD' is a function                                                         no-func-assign
  40516:6   warning  'Vp' is a function                                                         no-func-assign
  40535:6   warning  'Z1' is a function                                                         no-func-assign
  40794:6   warning  'el' is a function                                                         no-func-assign
  40812:6   warning  'fa' is a function                                                         no-func-assign
  40902:11  warning  Empty block statement                                                      no-empty
  40903:11  warning  'pD' is a function                                                         no-func-assign
  40909:6   warning  'Kp' is a function                                                         no-func-assign
  40928:6   warning  'J1' is a function                                                         no-func-assign
  41209:6   warning  'Tc' is a function                                                         no-func-assign
  41227:6   warning  'Gp' is a function                                                         no-func-assign
  41290:11  warning  Unsafe usage of ReturnStatement                                            no-unsafe-finally
  41292:16  warning  Unsafe usage of ThrowStatement                                             no-unsafe-finally
  41391:17  warning  Empty block statement                                                      no-empty
  41472:6   warning  'kc' is a function                                                         no-func-assign
  41571:17  warning  't' is defined but never used                                              no-unused-vars
  41713:6   warning  'tl' is a function                                                         no-func-assign
  41731:6   warning  'Ss' is a function                                                         no-func-assign
  41821:11  warning  Empty block statement                                                      no-empty
  41822:11  warning  'vD' is a function                                                         no-func-assign
  41828:6   warning  'Qp' is a function                                                         no-func-assign
  41847:6   warning  'ew' is a function                                                         no-func-assign
  42456:6   warning  'Rc' is a function                                                         no-func-assign
  42540:6   warning  'rl' is a function                                                         no-func-assign
  42558:6   warning  'Jp' is a function                                                         no-func-assign
  42648:11  warning  Empty block statement                                                      no-empty
  42649:11  warning  'bD' is a function                                                         no-func-assign
  42655:6   warning  'eh' is a function                                                         no-func-assign
  42674:6   warning  'tw' is a function                                                         no-func-assign
  43453:6   warning  '$c' is a function                                                         no-func-assign
  43471:6   warning  'rw' is a function                                                         no-func-assign
  43608:6   warning  'il' is a function                                                         no-func-assign
  43651:6   warning  'th' is a function                                                         no-func-assign
  43741:11  warning  Empty block statement                                                      no-empty
  43742:11  warning  'OD' is a function                                                         no-func-assign
  43748:6   warning  'rh' is a function                                                         no-func-assign
  43767:6   warning  'nw' is a function                                                         no-func-assign
  44224:6   warning  'Mc' is a function                                                         no-func-assign
  44726:6   warning  'ol' is a function                                                         no-func-assign
  44755:20  warning  'r' is defined but never used                                              no-unused-vars
  44791:11  warning  Empty block statement                                                      no-empty
  44792:11  warning  'ID' is a function                                                         no-func-assign
  44798:6   warning  'nh' is a function                                                         no-func-assign
  44817:6   warning  'iw' is a function                                                         no-func-assign
  44930:11  warning  Unsafe usage of ReturnStatement                                            no-unsafe-finally
  44932:16  warning  Unsafe usage of ThrowStatement                                             no-unsafe-finally
  44943:6   warning  'ow' is a function                                                         no-func-assign
  45079:6   warning  'aw' is a function                                                         no-func-assign
  45095:6   warning  'al' is a function                                                         no-func-assign
  45151:20  warning  'r' is defined but never used                                              no-unused-vars
  45187:11  warning  Empty block statement                                                      no-empty
  45188:11  warning  'DD' is a function                                                         no-func-assign
  45194:6   warning  'ih' is a function                                                         no-func-assign
  45213:6   warning  'sw' is a function                                                         no-func-assign
  45345:6   warning  'lw' is a function                                                         no-func-assign
  45361:6   warning  'sl' is a function                                                         no-func-assign
  45417:20  warning  'r' is defined but never used                                              no-unused-vars
  45453:11  warning  Empty block statement                                                      no-empty
  45454:11  warning  'BD' is a function                                                         no-func-assign
  45460:6   warning  'oh' is a function                                                         no-func-assign
  45479:6   warning  'uw' is a function                                                         no-func-assign
  45663:6   warning  'Ic' is a function                                                         no-func-assign
  45862:6   warning  'll' is a function                                                         no-func-assign
  45880:6   warning  'Os' is a function                                                         no-func-assign
  45995:11  warning  Empty block statement                                                      no-empty
  45996:11  warning  'qD' is a function                                                         no-func-assign
  46002:6   warning  'sh' is a function                                                         no-func-assign
  46021:6   warning  'cw' is a function                                                         no-func-assign
  46405:6   warning  'Ca' is a function                                                         no-func-assign
  46478:6   warning  'ma' is a function                                                         no-func-assign
  46853:6   warning  'ul' is a function                                                         no-func-assign
  46896:6   warning  'Uu' is a function                                                         no-func-assign
  47021:11  warning  Empty block statement                                                      no-empty
  47022:11  warning  'HD' is a function                                                         no-func-assign
  47028:6   warning  'lh' is a function                                                         no-func-assign
  47047:6   warning  'dw' is a function                                                         no-func-assign
  47530:6   warning  'cl' is a function                                                         no-func-assign
  47559:20  warning  'r' is defined but never used                                              no-unused-vars
  47595:11  warning  Empty block statement                                                      no-empty
  47596:11  warning  'KD' is a function                                                         no-func-assign
  47602:6   warning  'uh' is a function                                                         no-func-assign
  47621:6   warning  'pw' is a function                                                         no-func-assign
  47683:6   warning  'Hu' is a function                                                         no-func-assign
  47745:6   warning  'fl' is a function                                                         no-func-assign
  47763:6   warning  'Vu' is a function                                                         no-func-assign
  47853:11  warning  Empty block statement                                                      no-empty
  47854:11  warning  'YD' is a function                                                         no-func-assign
  47860:6   warning  'ch' is a function                                                         no-func-assign
  47879:6   warning  'hw' is a function                                                         no-func-assign
  48306:6   warning  'dl' is a function                                                         no-func-assign
  48335:20  warning  'r' is defined but never used                                              no-unused-vars
  48371:11  warning  Empty block statement                                                      no-empty
  48372:11  warning  'ZD' is a function                                                         no-func-assign
  48378:6   warning  'fh' is a function                                                         no-func-assign
  48397:6   warning  'vw' is a function                                                         no-func-assign
  48435:6   warning  'mw' is a function                                                         no-func-assign
  48505:6   warning  'pl' is a function                                                         no-func-assign
  48534:20  warning  'r' is defined but never used                                              no-unused-vars
  48570:11  warning  Empty block statement                                                      no-empty
  48571:11  warning  'tL' is a function                                                         no-func-assign
  48577:6   warning  'dh' is a function                                                         no-func-assign
  48596:6   warning  'yw' is a function                                                         no-func-assign
  48634:6   warning  'gw' is a function                                                         no-func-assign
  48950:6   warning  'Nc' is a function                                                         no-func-assign
  48979:20  warning  'r' is defined but never used                                              no-unused-vars
  49166:6   warning  'Dc' is a function                                                         no-func-assign
  49304:6   warning  'hl' is a function                                                         no-func-assign
  49322:6   warning  'Ps' is a function                                                         no-func-assign
  49367:11  warning  Unsafe usage of ReturnStatement                                            no-unsafe-finally
  49369:16  warning  Unsafe usage of ThrowStatement                                             no-unsafe-finally
  49416:20  warning  'r' is defined but never used                                              no-unused-vars
  49452:11  warning  Empty block statement                                                      no-empty
  49453:11  warning  'aL' is a function                                                         no-func-assign
  49459:6   warning  'ph' is a function                                                         no-func-assign
  49478:6   warning  'ww' is a function                                                         no-func-assign
  52026:25  warning  'r' is defined but never used                                              no-unused-vars
  52077:20  warning  'h' is assigned a value but never used                                     no-unused-vars
  53982:8   warning  'i' is assigned a value but never used                                     no-unused-vars

✖ 811 problems (0 errors, 811 warnings)

